{
  "stats": {
    "suites": 1,
    "tests": 1,
    "passes": 1,
    "pending": 0,
    "failures": 0,
    "start": "2024-07-12T16:54:40.779Z",
    "end": "2024-07-12T16:54:44.672Z",
    "duration": 3893,
    "testsRegistered": 1,
    "passPercent": 100,
    "pendingPercent": 0,
    "other": 0,
    "hasOther": false,
    "skipped": 0,
    "hasSkipped": false
  },
  "results": [
    {
      "uuid": "66c2ea02-f7df-4618-af3b-d7fd6f2f01d5",
      "title": "",
      "fullFile": "cypress\\e2e\\features\\saucelabs.feature",
      "file": "cypress\\e2e\\features\\saucelabs.feature",
      "beforeHooks": [],
      "afterHooks": [],
      "tests": [],
      "suites": [
        {
          "uuid": "c8aa5c8f-2019-4db6-9a48-9c96186b8679",
          "title": "Login to a website",
          "fullFile": "",
          "file": "",
          "beforeHooks": [],
          "afterHooks": [],
          "tests": [
            {
              "title": "Successful login",
              "fullTitle": "Login to a website Successful login",
              "timedOut": null,
              "duration": 1653,
              "state": "passed",
              "speed": "fast",
              "pass": true,
              "fail": false,
              "pending": false,
              "context": null,
              "code": "const state = window.testState;\nreturn cy\n  .then(() => state.onStartScenario(scenario, indexedSteps))\n  .then(() =>\n    resolveAndRunBeforeHooks.call(this, scenario.tags, state.feature.name)\n  )\n  .then(() =>\n    indexedSteps.forEach((step) =>\n      stepTest.call(this, state, step, rowData)\n    )\n  )\n  .then(() => state.onFinishScenario(scenario));",
              "err": {},
              "uuid": "57b2ff6a-ff9a-42ff-9e1e-d80a814aad1a",
              "parentUUID": "c8aa5c8f-2019-4db6-9a48-9c96186b8679",
              "isHook": false,
              "skipped": false
            }
          ],
          "suites": [],
          "passes": [
            "57b2ff6a-ff9a-42ff-9e1e-d80a814aad1a"
          ],
          "failures": [],
          "pending": [],
          "skipped": [],
          "duration": 1653,
          "root": false,
          "rootEmpty": false,
          "_timeout": 2000
        }
      ],
      "passes": [],
      "failures": [],
      "pending": [],
      "skipped": [],
      "duration": 0,
      "root": true,
      "rootEmpty": true,
      "_timeout": 2000
    }
  ],
  "meta": {
    "mocha": {
      "version": "7.0.1"
    },
    "mochawesome": {
      "options": {
        "quiet": false,
        "reportFilename": "testresults",
        "saveHtml": true,
        "saveJson": true,
        "consoleReporter": "spec",
        "useInlineDiffs": false,
        "code": true
      },
      "version": "7.1.3"
    },
    "marge": {
      "options": {
        "reportDir": "./cypress/reports/",
        "reportFilename": "testresults",
        "html": true,
        "json": true,
        "timestamp": "longDate"
      },
      "version": "6.2.0"
    }
  }
}